0: SLURMD_NODENAME=c01r2n01
0: SLURM_CLUSTER_NAME=clus_xa
0: SLURM_CONF=/opt/gridview/slurm/etc/slurm.conf
0: SLURM_CPUS_ON_NODE=3
0: SLURM_CPU_BIND=quiet,mask_cpu:0x0000000100000000,0x0010000000000000,0x0000000200000000
0: SLURM_CPU_BIND_LIST=0x0000000100000000,0x0010000000000000,0x0000000200000000
0: SLURM_CPU_BIND_TYPE=mask_cpu:
0: SLURM_CPU_BIND_VERBOSE=quiet
0: SLURM_DISTRIBUTION=block
0: SLURM_GTIDS=0,1,2
0: SLURM_HOME=/opt/gridview/slurm
0: SLURM_JOBID=4217620
0: SLURM_JOB_ACCOUNT=acfu6a24vx
0: SLURM_JOB_CPUS_PER_NODE=3(x2)
0: SLURM_JOB_CPUS_PER_NODE_PACK_GROUP_0=3(x2)
0: SLURM_JOB_GID=16559
0: SLURM_JOB_ID=4217620
0: SLURM_JOB_NAME=sbatch-hello-world
0: SLURM_JOB_NODELIST=c01r2n[01-02]
0: SLURM_JOB_NUM_NODES=2
0: SLURM_JOB_PARTITION=xahctest
0: SLURM_JOB_QOS=user_acfu6a24vx
0: SLURM_JOB_UID=9317
0: SLURM_JOB_USER=acfu6a24vx
0: SLURM_LABELIO=1
0: SLURM_LAUNCH_NODE_IPADDR=10.3.1.42
0: SLURM_LOCALID=0
0: SLURM_MEM_PER_CPU=3600
0: SLURM_NNODES=2
0: SLURM_NODEID=0
0: SLURM_NODELIST=c01r2n[01-02]
0: SLURM_NODE_ALIASES=(null)
0: SLURM_NPROCS=6
0: SLURM_NTASKS=6
0: SLURM_NTASKS_PER_NODE=3
0: SLURM_PMIX_DIRECT_CONN=true
0: SLURM_PMIX_DIRECT_CONN_EARLY=true
0: SLURM_PMIX_DIRECT_CONN_UCX=true
0: SLURM_PRIO_PROCESS=0
0: SLURM_PROCID=0
0: SLURM_SRUN_COMM_HOST=10.3.1.42
0: SLURM_SRUN_COMM_PORT=34247
0: SLURM_STEPID=2
0: SLURM_STEP_ID=2
0: SLURM_STEP_LAUNCHER_PORT=34247
0: SLURM_STEP_NODELIST=c01r2n[01-02]
0: SLURM_STEP_NUM_NODES=2
0: SLURM_STEP_NUM_TASKS=6
0: SLURM_STEP_TASKS_PER_NODE=3(x2)
0: SLURM_SUBMIT_DIR=/work/home/acfu6a24vx
0: SLURM_SUBMIT_HOST=c01r2n01
0: SLURM_TASKS_PER_NODE=3(x2)
0: SLURM_TASK_PID=58372
0: SLURM_TOPOLOGY_ADDR=c01r2n01
0: SLURM_TOPOLOGY_ADDR_PATTERN=node
0: SLURM_UMASK=0002
0: SLURM_WORKING_CLUSTER=clus_xa:10.13.1.1:6817:9216:101
1: SLURMD_NODENAME=c01r2n01
1: SLURM_CLUSTER_NAME=clus_xa
1: SLURM_CONF=/opt/gridview/slurm/etc/slurm.conf
1: SLURM_CPUS_ON_NODE=3
1: SLURM_CPU_BIND=quiet,mask_cpu:0x0000000100000000,0x0010000000000000,0x0000000200000000
1: SLURM_CPU_BIND_LIST=0x0000000100000000,0x0010000000000000,0x0000000200000000
1: SLURM_CPU_BIND_TYPE=mask_cpu:
1: SLURM_CPU_BIND_VERBOSE=quiet
1: SLURM_DISTRIBUTION=block
1: SLURM_GTIDS=0,1,2
1: SLURM_HOME=/opt/gridview/slurm
1: SLURM_JOBID=4217620
1: SLURM_JOB_ACCOUNT=acfu6a24vx
1: SLURM_JOB_CPUS_PER_NODE=3(x2)
1: SLURM_JOB_CPUS_PER_NODE_PACK_GROUP_0=3(x2)
1: SLURM_JOB_GID=16559
1: SLURM_JOB_ID=4217620
1: SLURM_JOB_NAME=sbatch-hello-world
1: SLURM_JOB_NODELIST=c01r2n[01-02]
1: SLURM_JOB_NUM_NODES=2
1: SLURM_JOB_PARTITION=xahctest
1: SLURM_JOB_QOS=user_acfu6a24vx
1: SLURM_JOB_UID=9317
1: SLURM_JOB_USER=acfu6a24vx
1: SLURM_LABELIO=1
1: SLURM_LAUNCH_NODE_IPADDR=10.3.1.42
1: SLURM_LOCALID=1
1: SLURM_MEM_PER_CPU=3600
1: SLURM_NNODES=2
1: SLURM_NODEID=0
1: SLURM_NODELIST=c01r2n[01-02]
1: SLURM_NODE_ALIASES=(null)
1: SLURM_NPROCS=6
1: SLURM_NTASKS=6
1: SLURM_NTASKS_PER_NODE=3
1: SLURM_PMIX_DIRECT_CONN=true
1: SLURM_PMIX_DIRECT_CONN_EARLY=true
1: SLURM_PMIX_DIRECT_CONN_UCX=true
1: SLURM_PRIO_PROCESS=0
1: SLURM_PROCID=1
1: SLURM_SRUN_COMM_HOST=10.3.1.42
1: SLURM_SRUN_COMM_PORT=34247
1: SLURM_STEPID=2
1: SLURM_STEP_ID=2
1: SLURM_STEP_LAUNCHER_PORT=34247
1: SLURM_STEP_NODELIST=c01r2n[01-02]
1: SLURM_STEP_NUM_NODES=2
1: SLURM_STEP_NUM_TASKS=6
1: SLURM_STEP_TASKS_PER_NODE=3(x2)
1: SLURM_SUBMIT_DIR=/work/home/acfu6a24vx
1: SLURM_SUBMIT_HOST=c01r2n01
1: SLURM_TASKS_PER_NODE=3(x2)
1: SLURM_TASK_PID=58373
1: SLURM_TOPOLOGY_ADDR=c01r2n01
1: SLURM_TOPOLOGY_ADDR_PATTERN=node
1: SLURM_UMASK=0002
1: SLURM_WORKING_CLUSTER=clus_xa:10.13.1.1:6817:9216:101
2: SLURMD_NODENAME=c01r2n01
2: SLURM_CLUSTER_NAME=clus_xa
2: SLURM_CONF=/opt/gridview/slurm/etc/slurm.conf
2: SLURM_CPUS_ON_NODE=3
2: SLURM_CPU_BIND=quiet,mask_cpu:0x0000000100000000,0x0010000000000000,0x0000000200000000
2: SLURM_CPU_BIND_LIST=0x0000000100000000,0x0010000000000000,0x0000000200000000
2: SLURM_CPU_BIND_TYPE=mask_cpu:
2: SLURM_CPU_BIND_VERBOSE=quiet
2: SLURM_DISTRIBUTION=block
2: SLURM_GTIDS=0,1,2
2: SLURM_HOME=/opt/gridview/slurm
2: SLURM_JOBID=4217620
2: SLURM_JOB_ACCOUNT=acfu6a24vx
2: SLURM_JOB_CPUS_PER_NODE=3(x2)
2: SLURM_JOB_CPUS_PER_NODE_PACK_GROUP_0=3(x2)
2: SLURM_JOB_GID=16559
2: SLURM_JOB_ID=4217620
2: SLURM_JOB_NAME=sbatch-hello-world
2: SLURM_JOB_NODELIST=c01r2n[01-02]
2: SLURM_JOB_NUM_NODES=2
2: SLURM_JOB_PARTITION=xahctest
2: SLURM_JOB_QOS=user_acfu6a24vx
2: SLURM_JOB_UID=9317
2: SLURM_JOB_USER=acfu6a24vx
2: SLURM_LABELIO=1
2: SLURM_LAUNCH_NODE_IPADDR=10.3.1.42
2: SLURM_LOCALID=2
2: SLURM_MEM_PER_CPU=3600
2: SLURM_NNODES=2
2: SLURM_NODEID=0
2: SLURM_NODELIST=c01r2n[01-02]
2: SLURM_NODE_ALIASES=(null)
2: SLURM_NPROCS=6
2: SLURM_NTASKS=6
2: SLURM_NTASKS_PER_NODE=3
2: SLURM_PMIX_DIRECT_CONN=true
2: SLURM_PMIX_DIRECT_CONN_EARLY=true
2: SLURM_PMIX_DIRECT_CONN_UCX=true
2: SLURM_PRIO_PROCESS=0
2: SLURM_PROCID=2
2: SLURM_SRUN_COMM_HOST=10.3.1.42
2: SLURM_SRUN_COMM_PORT=34247
2: SLURM_STEPID=2
2: SLURM_STEP_ID=2
2: SLURM_STEP_LAUNCHER_PORT=34247
2: SLURM_STEP_NODELIST=c01r2n[01-02]
2: SLURM_STEP_NUM_NODES=2
2: SLURM_STEP_NUM_TASKS=6
2: SLURM_STEP_TASKS_PER_NODE=3(x2)
2: SLURM_SUBMIT_DIR=/work/home/acfu6a24vx
2: SLURM_SUBMIT_HOST=c01r2n01
2: SLURM_TASKS_PER_NODE=3(x2)
2: SLURM_TASK_PID=58374
2: SLURM_TOPOLOGY_ADDR=c01r2n01
2: SLURM_TOPOLOGY_ADDR_PATTERN=node
2: SLURM_UMASK=0002
2: SLURM_WORKING_CLUSTER=clus_xa:10.13.1.1:6817:9216:101
3: SLURMD_NODENAME=c01r2n02
3: SLURM_CLUSTER_NAME=clus_xa
3: SLURM_CONF=/opt/gridview/slurm/etc/slurm.conf
3: SLURM_CPUS_ON_NODE=3
3: SLURM_CPU_BIND=quiet,mask_cpu:0x0000000400000000,0x0400000000000000,0x0000000800000000
3: SLURM_CPU_BIND_LIST=0x0000000400000000,0x0400000000000000,0x0000000800000000
3: SLURM_CPU_BIND_TYPE=mask_cpu:
3: SLURM_CPU_BIND_VERBOSE=quiet
3: SLURM_DISTRIBUTION=block
3: SLURM_GTIDS=3,4,5
3: SLURM_HOME=/opt/gridview/slurm
3: SLURM_JOBID=4217620
3: SLURM_JOB_ACCOUNT=acfu6a24vx
3: SLURM_JOB_CPUS_PER_NODE=3(x2)
3: SLURM_JOB_CPUS_PER_NODE_PACK_GROUP_0=3(x2)
3: SLURM_JOB_GID=16559
3: SLURM_JOB_ID=4217620
3: SLURM_JOB_NAME=sbatch-hello-world
3: SLURM_JOB_NODELIST=c01r2n[01-02]
3: SLURM_JOB_NUM_NODES=2
3: SLURM_JOB_PARTITION=xahctest
3: SLURM_JOB_QOS=user_acfu6a24vx
3: SLURM_JOB_UID=9317
3: SLURM_JOB_USER=acfu6a24vx
3: SLURM_LABELIO=1
3: SLURM_LAUNCH_NODE_IPADDR=10.3.1.42
3: SLURM_LOCALID=0
3: SLURM_MEM_PER_CPU=3600
3: SLURM_NNODES=2
3: SLURM_NODEID=1
3: SLURM_NODELIST=c01r2n[01-02]
3: SLURM_NODE_ALIASES=(null)
3: SLURM_NPROCS=6
3: SLURM_NTASKS=6
3: SLURM_NTASKS_PER_NODE=3
3: SLURM_PMIX_DIRECT_CONN=true
3: SLURM_PMIX_DIRECT_CONN_EARLY=true
3: SLURM_PMIX_DIRECT_CONN_UCX=true
3: SLURM_PRIO_PROCESS=0
3: SLURM_PROCID=3
3: SLURM_SRUN_COMM_HOST=10.3.1.42
3: SLURM_SRUN_COMM_PORT=34247
3: SLURM_STEPID=2
3: SLURM_STEP_ID=2
3: SLURM_STEP_LAUNCHER_PORT=34247
3: SLURM_STEP_NODELIST=c01r2n[01-02]
3: SLURM_STEP_NUM_NODES=2
3: SLURM_STEP_NUM_TASKS=6
3: SLURM_STEP_TASKS_PER_NODE=3(x2)
3: SLURM_SUBMIT_DIR=/work/home/acfu6a24vx
3: SLURM_SUBMIT_HOST=c01r2n01
3: SLURM_TASKS_PER_NODE=3(x2)
3: SLURM_TASK_PID=4523
3: SLURM_TOPOLOGY_ADDR=c01r2n02
3: SLURM_TOPOLOGY_ADDR_PATTERN=node
3: SLURM_UMASK=0002
3: SLURM_WORKING_CLUSTER=clus_xa:10.13.1.1:6817:9216:101
4: SLURMD_NODENAME=c01r2n02
4: SLURM_CLUSTER_NAME=clus_xa
4: SLURM_CONF=/opt/gridview/slurm/etc/slurm.conf
4: SLURM_CPUS_ON_NODE=3
4: SLURM_CPU_BIND=quiet,mask_cpu:0x0000000400000000,0x0400000000000000,0x0000000800000000
4: SLURM_CPU_BIND_LIST=0x0000000400000000,0x0400000000000000,0x0000000800000000
4: SLURM_CPU_BIND_TYPE=mask_cpu:
4: SLURM_CPU_BIND_VERBOSE=quiet
4: SLURM_DISTRIBUTION=block
4: SLURM_GTIDS=3,4,5
4: SLURM_HOME=/opt/gridview/slurm
4: SLURM_JOBID=4217620
4: SLURM_JOB_ACCOUNT=acfu6a24vx
4: SLURM_JOB_CPUS_PER_NODE=3(x2)
4: SLURM_JOB_CPUS_PER_NODE_PACK_GROUP_0=3(x2)
4: SLURM_JOB_GID=16559
4: SLURM_JOB_ID=4217620
4: SLURM_JOB_NAME=sbatch-hello-world
4: SLURM_JOB_NODELIST=c01r2n[01-02]
4: SLURM_JOB_NUM_NODES=2
4: SLURM_JOB_PARTITION=xahctest
4: SLURM_JOB_QOS=user_acfu6a24vx
4: SLURM_JOB_UID=9317
4: SLURM_JOB_USER=acfu6a24vx
4: SLURM_LABELIO=1
4: SLURM_LAUNCH_NODE_IPADDR=10.3.1.42
4: SLURM_LOCALID=1
4: SLURM_MEM_PER_CPU=3600
4: SLURM_NNODES=2
4: SLURM_NODEID=1
4: SLURM_NODELIST=c01r2n[01-02]
4: SLURM_NODE_ALIASES=(null)
4: SLURM_NPROCS=6
4: SLURM_NTASKS=6
4: SLURM_NTASKS_PER_NODE=3
4: SLURM_PMIX_DIRECT_CONN=true
4: SLURM_PMIX_DIRECT_CONN_EARLY=true
4: SLURM_PMIX_DIRECT_CONN_UCX=true
4: SLURM_PRIO_PROCESS=0
4: SLURM_PROCID=4
4: SLURM_SRUN_COMM_HOST=10.3.1.42
4: SLURM_SRUN_COMM_PORT=34247
4: SLURM_STEPID=2
4: SLURM_STEP_ID=2
4: SLURM_STEP_LAUNCHER_PORT=34247
4: SLURM_STEP_NODELIST=c01r2n[01-02]
4: SLURM_STEP_NUM_NODES=2
4: SLURM_STEP_NUM_TASKS=6
4: SLURM_STEP_TASKS_PER_NODE=3(x2)
4: SLURM_SUBMIT_DIR=/work/home/acfu6a24vx
4: SLURM_SUBMIT_HOST=c01r2n01
4: SLURM_TASKS_PER_NODE=3(x2)
4: SLURM_TASK_PID=4524
4: SLURM_TOPOLOGY_ADDR=c01r2n02
4: SLURM_TOPOLOGY_ADDR_PATTERN=node
4: SLURM_UMASK=0002
4: SLURM_WORKING_CLUSTER=clus_xa:10.13.1.1:6817:9216:101
5: SLURMD_NODENAME=c01r2n02
5: SLURM_CLUSTER_NAME=clus_xa
5: SLURM_CONF=/opt/gridview/slurm/etc/slurm.conf
5: SLURM_CPUS_ON_NODE=3
5: SLURM_CPU_BIND=quiet,mask_cpu:0x0000000400000000,0x0400000000000000,0x0000000800000000
5: SLURM_CPU_BIND_LIST=0x0000000400000000,0x0400000000000000,0x0000000800000000
5: SLURM_CPU_BIND_TYPE=mask_cpu:
5: SLURM_CPU_BIND_VERBOSE=quiet
5: SLURM_DISTRIBUTION=block
5: SLURM_GTIDS=3,4,5
5: SLURM_HOME=/opt/gridview/slurm
5: SLURM_JOBID=4217620
5: SLURM_JOB_ACCOUNT=acfu6a24vx
5: SLURM_JOB_CPUS_PER_NODE=3(x2)
5: SLURM_JOB_CPUS_PER_NODE_PACK_GROUP_0=3(x2)
5: SLURM_JOB_GID=16559
5: SLURM_JOB_ID=4217620
5: SLURM_JOB_NAME=sbatch-hello-world
5: SLURM_JOB_NODELIST=c01r2n[01-02]
5: SLURM_JOB_NUM_NODES=2
5: SLURM_JOB_PARTITION=xahctest
5: SLURM_JOB_QOS=user_acfu6a24vx
5: SLURM_JOB_UID=9317
5: SLURM_JOB_USER=acfu6a24vx
5: SLURM_LABELIO=1
5: SLURM_LAUNCH_NODE_IPADDR=10.3.1.42
5: SLURM_LOCALID=2
5: SLURM_MEM_PER_CPU=3600
5: SLURM_NNODES=2
5: SLURM_NODEID=1
5: SLURM_NODELIST=c01r2n[01-02]
5: SLURM_NODE_ALIASES=(null)
5: SLURM_NPROCS=6
5: SLURM_NTASKS=6
5: SLURM_NTASKS_PER_NODE=3
5: SLURM_PMIX_DIRECT_CONN=true
5: SLURM_PMIX_DIRECT_CONN_EARLY=true
5: SLURM_PMIX_DIRECT_CONN_UCX=true
5: SLURM_PRIO_PROCESS=0
5: SLURM_PROCID=5
5: SLURM_SRUN_COMM_HOST=10.3.1.42
5: SLURM_SRUN_COMM_PORT=34247
5: SLURM_STEPID=2
5: SLURM_STEP_ID=2
5: SLURM_STEP_LAUNCHER_PORT=34247
5: SLURM_STEP_NODELIST=c01r2n[01-02]
5: SLURM_STEP_NUM_NODES=2
5: SLURM_STEP_NUM_TASKS=6
5: SLURM_STEP_TASKS_PER_NODE=3(x2)
5: SLURM_SUBMIT_DIR=/work/home/acfu6a24vx
5: SLURM_SUBMIT_HOST=c01r2n01
5: SLURM_TASKS_PER_NODE=3(x2)
5: SLURM_TASK_PID=4525
5: SLURM_TOPOLOGY_ADDR=c01r2n02
5: SLURM_TOPOLOGY_ADDR_PATTERN=node
5: SLURM_UMASK=0002
5: SLURM_WORKING_CLUSTER=clus_xa:10.13.1.1:6817:9216:101
